%!Adobe-FontList 1.19
%Locale:0x409

%BeginFont
Handler:DirectoryHandler
FontType:TrueType
FontName:Georgia
FamilyName:Georgia
StyleName:Regular
MenuName:Georgia
StyleBits:0
WeightClass:400
WidthClass:5
AngleClass:0
FullName:Georgia
WritingScript:Roman
OutlineFileName:\Georgia.ttf
DataFormat:sfntData
hasSVG:no
VariableFontType:NonVariableFont
FileLength:379588
FileModTime:1534562901
NameArray:0,Mac,4,Georgia
NameArray:0,Win,1,Georgia
%EndFont

%BeginFont
Handler:DirectoryHandler
FontType:TrueType
FontName:TimesNewRomanPS-ItalicMT
FamilyName:Times New Roman
StyleName:Italic
MenuName:Times New Roman
StyleBits:1
WeightClass:400
WidthClass:5
AngleClass:1
FullName:Times New Roman Italic
WritingScript:Roman
OutlineFileName:\Times New Roman Italic.ttf
DataFormat:sfntData
hasSVG:no
VariableFontType:NonVariableFont
FileLength:660268
FileModTime:1534562901
NameArray:0,Mac,4,Times New Roman Italic
NameArray:0,Win,1,Times New Roman
%EndFont

%BeginFont
Handler:DirectoryHandler
FontType:TrueType
FontName:TimesNewRomanPSMT
FamilyName:Times New Roman
StyleName:Regular
MenuName:Times New Roman
StyleBits:0
WeightClass:400
WidthClass:5
AngleClass:0
FullName:Times New Roman
WritingScript:Roman
OutlineFileName:\Times New Roman.ttf
DataFormat:sfntData
hasSVG:no
VariableFontType:NonVariableFont
FileLength:834452
FileModTime:1534562901
NameArray:0,Mac,4,Times New Roman
NameArray:0,Win,1,Times New Roman
%EndFont

%BeginFont
Handler:DirectoryHandler
FontType:Type1
FontName:MinionPro-Regular
FamilyName:Minion Pro
StyleName:Regular
MenuName:Minion Pro
StyleBits:0
WeightClass:400
WidthClass:5
AngleClass:0
FullName:Minion Pro
WritingScript:Roman
OutlineFileName:\MinionPro-Regular.otf
DataFormat:sfntData
UsesStandardEncoding:yes
isCFF:yes
hasSVG:no
VariableFontType:NonVariableFont
FileLength:217280
FileModTime:1534806028
DesignSize:110
NameArray:0,Mac,4,Minion Pro
NameArray:0,Win,1,Minion Pro
%EndFont

%BeginFont
Handler:DirectoryHandler
FontType:TrueType
FontName:TimesNewRomanPS-BoldMT
FamilyName:Times New Roman
StyleName:Bold
MenuName:Times New Roman
StyleBits:2
WeightClass:700
WidthClass:5
AngleClass:0
FullName:Times New Roman Bold
WritingScript:Roman
OutlineFileName:\Times New Roman Bold.ttf
DataFormat:sfntData
hasSVG:no
VariableFontType:NonVariableFont
FileLength:842168
FileModTime:1534562901
NameArray:0,Mac,4,Times New Roman Bold
NameArray:0,Win,1,Times New Roman
%EndFont

