%!Adobe-FontList 1.16
%Locale:0x409

%BeginFont
Handler:DirectoryHandler
FontType:Type1
FontName:MinionPro-Regular
FamilyName:Minion Pro
StyleName:Regular
FullName:Minion Pro
MenuName:Minion Pro
StyleBits:0
WritingScript:Roman
OutlineFileName:D:\ping\Summer Issue\Contents\Document fonts\MinionPro-Regular.otf
DataFormat:sfntData
UsesStandardEncoding:yes
isCFF:yes
FileLength:218640
FileModTime:1398991006
WeightClass:400
WidthClass:5
AngleClass:0
DesignSize:110
NameArray:0,Mac,4,Minion Pro
NameArray:0,Win,1,Minion Pro
%EndFont

%BeginFont
Handler:DirectoryHandler
FontType:TrueType
FontName:Oswald-Bold
FamilyName:Oswald
StyleName:Bold
FullName:Oswald Bold
MenuName:Oswald
StyleBits:2
WritingScript:Roman
OutlineFileName:D:\ping\Summer Issue\Contents\Document fonts\Oswald-Bold.ttf
DataFormat:sfntData
FileLength:74412
FileModTime:1563962122
WeightClass:700
WidthClass:5
AngleClass:0
NameArray:0,Mac,4,Oswald Bold
NameArray:0,Win,1,Oswald
%EndFont

%BeginFont
Handler:DirectoryHandler
FontType:TrueType
FontName:Oswald-Light
FamilyName:Oswald
StyleName:Light
FullName:Oswald Light
MenuName:Oswald
StyleBits:0
WritingScript:Roman
OutlineFileName:D:\ping\Summer Issue\Contents\Document fonts\Oswald-Light.ttf
DataFormat:sfntData
FileLength:71576
FileModTime:1563962122
WeightClass:300
WidthClass:5
AngleClass:0
NameArray:0,Mac,4,Oswald Light
NameArray:0,Win,1,Oswald
%EndFont

