%!Adobe-FontList 1.19
%Locale:0x409

%BeginFont
Handler:DirectoryHandler
FontType:TrueType
FontName:ArabBeckerBrushstroke
FamilyName:Arab Becker Brushstroke
StyleName:Regular
MenuName:Arab Becker Brushstroke
StyleBits:0
WeightClass:400
WidthClass:5
AngleClass:0
FullName:Arab_Becker_Brushstroke
WritingScript:Roman
OutlineFileName:\Arab_Becker_Brushstroke.ttf
DataFormat:sfntData
hasSVG:no
VariableFontType:NonVariableFont
FileLength:71012
FileModTime:1564540808
NameArray:0,Mac,4,Arab_Becker_Brushstroke
NameArray:0,Win,1,Arab Becker Brushstroke
%EndFont

%BeginFont
Handler:DirectoryHandler
FontType:TrueType
FontName:TimesNewRomanPSMT
FamilyName:Times New Roman
StyleName:Regular
MenuName:Times New Roman
StyleBits:0
WeightClass:400
WidthClass:5
AngleClass:0
FullName:Times New Roman
WritingScript:Roman
OutlineFileName:\Times New Roman.ttf
DataFormat:sfntData
hasSVG:no
VariableFontType:NonVariableFont
FileLength:834452
FileModTime:1534562901
NameArray:0,Mac,4,Times New Roman
NameArray:0,Win,1,Times New Roman
%EndFont

%BeginFont
Handler:DirectoryHandler
FontType:Type1
FontName:MinionPro-Regular
FamilyName:Minion Pro
StyleName:Regular
MenuName:Minion Pro
StyleBits:0
WeightClass:400
WidthClass:5
AngleClass:0
FullName:Minion Pro
WritingScript:Roman
OutlineFileName:\MinionPro-Regular.otf
DataFormat:sfntData
UsesStandardEncoding:yes
isCFF:yes
hasSVG:no
VariableFontType:NonVariableFont
FileLength:217280
FileModTime:1534806028
DesignSize:110
NameArray:0,Mac,4,Minion Pro
NameArray:0,Win,1,Minion Pro
%EndFont

%BeginFont
Handler:DirectoryHandler
FontType:TrueType
FontName:Plantin
FamilyName:Plantin
StyleName:Roman
MenuName:Plantin
StyleBits:0
WeightClass:400
WidthClass:5
AngleClass:0
FullName:Plantin
WritingScript:Roman
OutlineFileName:\Plantin.ttf
DataFormat:sfntData
hasSVG:no
VariableFontType:NonVariableFont
FileLength:48832
FileModTime:1564540903
NameArray:0,Mac,4,Plantin
NameArray:0,Win,1,Plantin
%EndFont

