%!Adobe-FontList 1.19
%Locale:0x409

%BeginFont
Handler:DirectoryHandler
FontType:TrueType
FontName:TimesNewRomanPSMT
FamilyName:Times New Roman
StyleName:Regular
MenuName:Times New Roman
StyleBits:0
WeightClass:400
WidthClass:5
AngleClass:0
FullName:Times New Roman
WritingScript:Roman
OutlineFileName:\times.ttf
DataFormat:sfntData
hasSVG:no
VariableFontType:NonVariableFont
FileLength:1195688
FileModTime:1537016316
NameArray:0,Mac,4,Times New Roman
NameArray:0,Win,1,Times New Roman
%EndFont

%BeginFont
Handler:DirectoryHandler
FontType:TrueType
FontName:TimesNewRomanPS-ItalicMT
FamilyName:Times New Roman
StyleName:Italic
MenuName:Times New Roman
StyleBits:1
WeightClass:400
WidthClass:5
AngleClass:1
FullName:Times New Roman Italic
WritingScript:Roman
OutlineFileName:\timesi.ttf
DataFormat:sfntData
hasSVG:no
VariableFontType:NonVariableFont
FileLength:940288
FileModTime:1537016316
NameArray:0,Mac,4,Times New Roman Italic
NameArray:0,Win,1,Times New Roman
%EndFont

%BeginFont
Handler:DirectoryHandler
FontType:Type1
FontName:MinionPro-Regular
FamilyName:Minion Pro
StyleName:Regular
MenuName:Minion Pro
StyleBits:0
WeightClass:400
WidthClass:5
AngleClass:0
FullName:Minion Pro
WritingScript:Roman
OutlineFileName:\MinionPro-Regular.otf
DataFormat:sfntData
UsesStandardEncoding:yes
isCFF:yes
hasSVG:no
VariableFontType:NonVariableFont
FileLength:218640
FileModTime:1399030606
DesignSize:110
NameArray:0,Mac,4,Minion Pro
NameArray:0,Win,1,Minion Pro
%EndFont

%BeginFont
Handler:DirectoryHandler
FontType:TrueType
FontName:Oswald-RegularItalic
FamilyName:Oswald
StyleName:Regular
MenuName:Oswald
StyleBits:1
WeightClass:400
WidthClass:5
AngleClass:0
FullName:Oswald RegularItalic
WritingScript:Roman
OutlineFileName:\Oswald-RegularItalic.ttf
DataFormat:sfntData
hasSVG:no
VariableFontType:NonVariableFont
FileLength:91104
FileModTime:1564001722
NameArray:0,Mac,4,Oswald RegularItalic
NameArray:0,Win,1,Oswald
%EndFont

%BeginFont
Handler:DirectoryHandler
FontType:TrueType
FontName:Lobster-Regular
FamilyName:Lobster
StyleName:Regular
MenuName:Lobster
StyleBits:0
WeightClass:400
WidthClass:5
AngleClass:0
FullName:Lobster Regular
WritingScript:Roman
OutlineFileName:\Lobster-Regular.ttf
DataFormat:sfntData
hasSVG:no
VariableFontType:NonVariableFont
FileLength:396688
FileModTime:1274054400
NameArray:0,Win,1,Lobster
%EndFont

%BeginFont
Handler:DirectoryHandler
FontType:TrueType
FontName:Oswald-BoldItalic
FamilyName:Oswald
StyleName:Bold
MenuName:Oswald
StyleBits:3
WeightClass:700
WidthClass:5
AngleClass:0
FullName:Oswald BoldItalic
WritingScript:Roman
OutlineFileName:\Oswald-BoldItalic.ttf
DataFormat:sfntData
hasSVG:no
VariableFontType:NonVariableFont
FileLength:90144
FileModTime:1564325666
NameArray:0,Mac,4,Oswald BoldItalic
NameArray:0,Win,1,Oswald
%EndFont

