%!Adobe-FontList 1.19
%Locale:0x409

%BeginFont
Handler:DirectoryHandler
FontType:Type1
FontName:Rustico-Regular
FamilyName:Rustico
StyleName:Regular
MenuName:Rustico
StyleBits:0
WeightClass:400
WidthClass:5
AngleClass:0
FullName:Rustico Regular
WritingScript:Roman
OutlineFileName:\Rustico-Regular.otf
DataFormat:sfntData
UsesStandardEncoding:yes
isCFF:yes
hasSVG:no
VariableFontType:NonVariableFont
FileLength:149984
FileModTime:1504488327
NameArray:0,Mac,4,Rustico Regular
NameArray:0,Win,1,Rustico
%EndFont

%BeginFont
Handler:DirectoryHandler
FontType:TrueType
FontName:CourierNewPS-BoldMT
FamilyName:Courier New
StyleName:Bold
MenuName:Courier New
StyleBits:2
WeightClass:700
WidthClass:5
AngleClass:0
FullName:Courier New Bold
WritingScript:Roman
OutlineFileName:\Courier New Bold.ttf
DataFormat:sfntData
hasSVG:no
VariableFontType:NonVariableFont
FileLength:691796
FileModTime:1534562901
NameArray:0,Mac,4,Courier New Bold
NameArray:0,Win,1,Courier New
%EndFont

%BeginFont
Handler:DirectoryHandler
FontType:TrueType
FontName:TimesNewRomanPSMT
FamilyName:Times New Roman
StyleName:Regular
MenuName:Times New Roman
StyleBits:0
WeightClass:400
WidthClass:5
AngleClass:0
FullName:Times New Roman
WritingScript:Roman
OutlineFileName:\Times New Roman.ttf
DataFormat:sfntData
hasSVG:no
VariableFontType:NonVariableFont
FileLength:834452
FileModTime:1534562901
NameArray:0,Mac,4,Times New Roman
NameArray:0,Win,1,Times New Roman
%EndFont

%BeginFont
Handler:DirectoryHandler
FontType:TrueType
FontName:CourierNewPSMT
FamilyName:Courier New
StyleName:Regular
MenuName:Courier New
StyleBits:0
WeightClass:400
WidthClass:5
AngleClass:0
FullName:Courier New
WritingScript:Roman
OutlineFileName:\Courier New.ttf
DataFormat:sfntData
hasSVG:no
VariableFontType:NonVariableFont
FileLength:684624
FileModTime:1534562900
NameArray:0,Mac,4,Courier New
NameArray:0,Win,1,Courier New
%EndFont

%BeginFont
Handler:DirectoryHandler
FontType:TrueType
FontName:DirtyEgo
FamilyName:Dirty Ego
StyleName:Regular
MenuName:Dirty Ego
StyleBits:0
WeightClass:400
WidthClass:5
AngleClass:0
FullName:Dirty Ego
WritingScript:Roman
OutlineFileName:\DIRTYEGO.TTF
DataFormat:sfntData
hasSVG:no
VariableFontType:NonVariableFont
FileLength:128812
FileModTime:1115994158
NameArray:0,Mac,4,Dirty Ego
NameArray:0,Win,1,Dirty Ego
%EndFont

