%!Adobe-FontList 1.19
%Locale:0x409

%BeginFont
Handler:DirectoryHandler
FontType:TrueType
FontName:Georgia
FamilyName:Georgia
StyleName:Regular
MenuName:Georgia
StyleBits:0
WeightClass:400
WidthClass:5
AngleClass:0
FullName:Georgia
WritingScript:Roman
OutlineFileName:\Georgia.ttf
DataFormat:sfntData
hasSVG:no
VariableFontType:NonVariableFont
FileLength:379588
FileModTime:1534562901
NameArray:0,Mac,4,Georgia
NameArray:0,Win,1,Georgia
%EndFont

%BeginFont
Handler:DirectoryHandler
FontType:TrueType
FontName:TimesNewRomanPS-ItalicMT
FamilyName:Times New Roman
StyleName:Italic
MenuName:Times New Roman
StyleBits:1
WeightClass:400
WidthClass:5
AngleClass:1
FullName:Times New Roman Italic
WritingScript:Roman
OutlineFileName:\Times New Roman Italic.ttf
DataFormat:sfntData
hasSVG:no
VariableFontType:NonVariableFont
FileLength:660268
FileModTime:1534562901
NameArray:0,Mac,4,Times New Roman Italic
NameArray:0,Win,1,Times New Roman
%EndFont

%BeginFont
Handler:DirectoryHandler
FontType:TrueType
FontName:TimesNewRomanPSMT
FamilyName:Times New Roman
StyleName:Regular
MenuName:Times New Roman
StyleBits:0
WeightClass:400
WidthClass:5
AngleClass:0
FullName:Times New Roman
WritingScript:Roman
OutlineFileName:\Times New Roman.ttf
DataFormat:sfntData
hasSVG:no
VariableFontType:NonVariableFont
FileLength:834452
FileModTime:1534562901
NameArray:0,Mac,4,Times New Roman
NameArray:0,Win,1,Times New Roman
%EndFont

%BeginFont
Handler:DirectoryHandler
FontType:TrueType
FontName:Caveat-Regular
FamilyName:Caveat
StyleName:Regular
MenuName:Caveat
StyleBits:0
WeightClass:400
WidthClass:5
AngleClass:0
FullName:Caveat Regular
WritingScript:Roman
OutlineFileName:\Caveat-Regular.ttf
DataFormat:sfntData
hasSVG:no
VariableFontType:NonVariableFont
FileLength:330800
FileModTime:1442966400
NameArray:0,Win,1,Caveat
%EndFont

%BeginFont
Handler:DirectoryHandler
FontType:TrueType
FontName:SegoeUI-Bold
FamilyName:Segoe UI
StyleName:Bold
MenuName:Segoe UI
StyleBits:2
WeightClass:700
WidthClass:5
AngleClass:0
FullName:Segoe UI Bold
WritingScript:Roman
OutlineFileName:\segoeuib.ttf
DataFormat:sfntData
hasSVG:no
VariableFontType:NonVariableFont
FileLength:913540
FileModTime:1555018828
NameArray:0,Mac,4,Segoe UI Bold
NameArray:0,Win,1,Segoe UI
%EndFont

%BeginFont
Handler:DirectoryHandler
FontType:TrueType
FontName:TimesNewRomanPS-BoldMT
FamilyName:Times New Roman
StyleName:Bold
MenuName:Times New Roman
StyleBits:2
WeightClass:700
WidthClass:5
AngleClass:0
FullName:Times New Roman Bold
WritingScript:Roman
OutlineFileName:\Times New Roman Bold.ttf
DataFormat:sfntData
hasSVG:no
VariableFontType:NonVariableFont
FileLength:842168
FileModTime:1534562901
NameArray:0,Mac,4,Times New Roman Bold
NameArray:0,Win,1,Times New Roman
%EndFont

