%!Adobe-FontList 1.19
%Locale:0x409

%BeginFont
Handler:DirectoryHandler
FontType:TrueType
FontName:Roboto-Light
FamilyName:Roboto
StyleName:Light
MenuName:Roboto
StyleBits:0
WeightClass:300
WidthClass:5
AngleClass:0
FullName:Roboto Light
WritingScript:Roman
OutlineFileName:\Roboto-Light.ttf
DataFormat:sfntData
hasSVG:no
VariableFontType:NonVariableFont
FileLength:126792
FileModTime:1564394876
NameArray:0,Mac,18,Roboto Light
NameArray:0,Mac,4,Roboto Light
NameArray:0,Win,1,Roboto
NameArray:0,Win,16,Roboto
%EndFont

%BeginFont
Handler:DirectoryHandler
FontType:TrueType
FontName:TimesNewRomanPSMT
FamilyName:Times New Roman
StyleName:Regular
MenuName:Times New Roman
StyleBits:0
WeightClass:400
WidthClass:5
AngleClass:0
FullName:Times New Roman
WritingScript:Roman
OutlineFileName:\times.ttf
DataFormat:sfntData
hasSVG:no
VariableFontType:NonVariableFont
FileLength:1195688
FileModTime:1564394880
NameArray:0,Mac,4,Times New Roman
NameArray:0,Win,1,Times New Roman
%EndFont

%BeginFont
Handler:DirectoryHandler
FontType:TrueType
FontName:TimesNewRomanPS-BoldMT
FamilyName:Times New Roman
StyleName:Bold
MenuName:Times New Roman
StyleBits:2
WeightClass:700
WidthClass:5
AngleClass:0
FullName:Times New Roman Bold
WritingScript:Roman
OutlineFileName:\timesbd.ttf
DataFormat:sfntData
hasSVG:no
VariableFontType:NonVariableFont
FileLength:1175904
FileModTime:1564394884
NameArray:0,Mac,4,Times New Roman Bold
NameArray:0,Win,1,Times New Roman
%EndFont

%BeginFont
Handler:DirectoryHandler
FontType:TrueType
FontName:TimesNewRomanPS-ItalicMT
FamilyName:Times New Roman
StyleName:Italic
MenuName:Times New Roman
StyleBits:1
WeightClass:400
WidthClass:5
AngleClass:1
FullName:Times New Roman Italic
WritingScript:Roman
OutlineFileName:\timesi.ttf
DataFormat:sfntData
hasSVG:no
VariableFontType:NonVariableFont
FileLength:940288
FileModTime:1564394880
NameArray:0,Mac,4,Times New Roman Italic
NameArray:0,Win,1,Times New Roman
%EndFont

%BeginFont
Handler:DirectoryHandler
FontType:TrueType
FontName:DirtyEgo
FamilyName:Dirty Ego
StyleName:Regular
MenuName:Dirty Ego
StyleBits:0
WeightClass:400
WidthClass:5
AngleClass:0
FullName:Dirty Ego
WritingScript:Roman
OutlineFileName:\DIRTYEGO.TTF
DataFormat:sfntData
hasSVG:no
VariableFontType:NonVariableFont
FileLength:139680
FileModTime:1564394876
NameArray:0,Mac,4,Dirty Ego
NameArray:0,Win,1,Dirty Ego
%EndFont

%BeginFont
Handler:DirectoryHandler
FontType:TrueType
FontName:TimesNewRomanPS-BoldItalicMT
FamilyName:Times New Roman
StyleName:Bold Italic
MenuName:Times New Roman
StyleBits:3
WeightClass:700
WidthClass:5
AngleClass:1
FullName:Times New Roman Bold Italic
WritingScript:Roman
OutlineFileName:\timesbi.ttf
DataFormat:sfntData
hasSVG:no
VariableFontType:NonVariableFont
FileLength:881860
FileModTime:1564394878
NameArray:0,Mac,4,Times New Roman Bold Italic
NameArray:0,Win,1,Times New Roman
%EndFont

%BeginFont
Handler:DirectoryHandler
FontType:TrueType
FontName:RobotoSlab-Regular
FamilyName:Roboto Slab
StyleName:Regular
MenuName:Roboto Slab
StyleBits:0
WeightClass:400
WidthClass:5
AngleClass:0
FullName:Roboto Slab Regular
WritingScript:Roman
OutlineFileName:\RobotoSlab-Regular.ttf
DataFormat:sfntData
hasSVG:no
VariableFontType:NonVariableFont
FileLength:169064
FileModTime:1564394878
NameArray:0,Mac,18,Roboto Slab Regular
NameArray:0,Mac,4,Roboto Slab Regular
NameArray:0,Win,1,Roboto Slab
NameArray:0,Win,16,Roboto Slab
%EndFont

