%!Adobe-FontList 1.19
%Locale:0x409

%BeginFont
Handler:DirectoryHandler
FontType:TrueType
FontName:SegoeUI-Italic
FamilyName:Segoe UI
StyleName:Italic
MenuName:Segoe UI
StyleBits:1
WeightClass:400
WidthClass:5
AngleClass:1
FullName:Segoe UI Italic
WritingScript:Roman
OutlineFileName:\segoeuii.ttf
DataFormat:sfntData
hasSVG:no
VariableFontType:NonVariableFont
FileLength:514920
FileModTime:1564394894
NameArray:0,Mac,4,Segoe UI Italic
NameArray:0,Win,1,Segoe UI
%EndFont

%BeginFont
Handler:DirectoryHandler
FontType:TrueType
FontName:SegoeUI-Semilight
FamilyName:Segoe UI
StyleName:Semilight
MenuName:Segoe UI Semilight
StyleBits:0
WeightClass:350
WidthClass:5
AngleClass:0
FullName:Segoe UI Semilight
WritingScript:Roman
OutlineFileName:\segoeuisl.ttf
DataFormat:sfntData
hasSVG:no
VariableFontType:NonVariableFont
FileLength:816540
FileModTime:1564394898
NameArray:0,Win,1,Segoe UI Semilight
NameArray:0,Win,16,Segoe UI
%EndFont

%BeginFont
Handler:DirectoryHandler
FontType:TrueType
FontName:TimesNewRomanPSMT
FamilyName:Times New Roman
StyleName:Regular
MenuName:Times New Roman
StyleBits:0
WeightClass:400
WidthClass:5
AngleClass:0
FullName:Times New Roman
WritingScript:Roman
OutlineFileName:\times.ttf
DataFormat:sfntData
hasSVG:no
VariableFontType:NonVariableFont
FileLength:1195688
FileModTime:1564394902
NameArray:0,Mac,4,Times New Roman
NameArray:0,Win,1,Times New Roman
%EndFont

%BeginFont
Handler:DirectoryHandler
FontType:TrueType
FontName:Helvetica
FamilyName:Helvetica
StyleName:Regular
MenuName:Helvetica
StyleBits:0
WeightClass:400
WidthClass:5
AngleClass:0
FullName:Helvetica
WritingScript:Roman
OutlineFileName:\Helvetica.ttf
DataFormat:sfntData
hasSVG:no
VariableFontType:NonVariableFont
FileLength:317968
FileModTime:1564394894
NameArray:0,Mac,18,Helvetica
NameArray:0,Mac,4,Helvetica
NameArray:0,Win,1,Helvetica
%EndFont

%BeginFont
Handler:DirectoryHandler
FontType:TrueType
FontName:TimesNewRomanPS-BoldMT
FamilyName:Times New Roman
StyleName:Bold
MenuName:Times New Roman
StyleBits:2
WeightClass:700
WidthClass:5
AngleClass:0
FullName:Times New Roman Bold
WritingScript:Roman
OutlineFileName:\timesbd.ttf
DataFormat:sfntData
hasSVG:no
VariableFontType:NonVariableFont
FileLength:1175904
FileModTime:1564394906
NameArray:0,Mac,4,Times New Roman Bold
NameArray:0,Win,1,Times New Roman
%EndFont

%BeginFont
Handler:DirectoryHandler
FontType:TrueType
FontName:TimesNewRomanPS-ItalicMT
FamilyName:Times New Roman
StyleName:Italic
MenuName:Times New Roman
StyleBits:1
WeightClass:400
WidthClass:5
AngleClass:1
FullName:Times New Roman Italic
WritingScript:Roman
OutlineFileName:\timesi.ttf
DataFormat:sfntData
hasSVG:no
VariableFontType:NonVariableFont
FileLength:940288
FileModTime:1564394898
NameArray:0,Mac,4,Times New Roman Italic
NameArray:0,Win,1,Times New Roman
%EndFont

%BeginFont
Handler:DirectoryHandler
FontType:TrueType
FontName:SegoeScript
FamilyName:Segoe Script
StyleName:Regular
MenuName:Segoe Script
StyleBits:0
WeightClass:400
WidthClass:5
AngleClass:0
FullName:Segoe Script
WritingScript:Roman
OutlineFileName:\segoesc.ttf
DataFormat:sfntData
hasSVG:no
VariableFontType:NonVariableFont
FileLength:596948
FileModTime:1564394894
NameArray:0,Mac,4,Segoe Script
NameArray:0,Win,1,Segoe Script
%EndFont

%BeginFont
Handler:DirectoryHandler
FontType:TrueType
FontName:ArialMT
FamilyName:Arial
StyleName:Regular
MenuName:Arial
StyleBits:0
WeightClass:400
WidthClass:5
AngleClass:0
FullName:Arial
WritingScript:Roman
OutlineFileName:\arial.ttf
DataFormat:sfntData
hasSVG:no
VariableFontType:NonVariableFont
FileLength:1036584
FileModTime:1564394894
NameArray:0,Mac,4,Arial
NameArray:0,Win,1,Arial
%EndFont

%BeginFont
Handler:DirectoryHandler
FontType:TrueType
FontName:SegoePrint
FamilyName:Segoe Print
StyleName:Regular
MenuName:Segoe Print
StyleBits:0
WeightClass:400
WidthClass:5
AngleClass:0
FullName:Segoe Print
WritingScript:Roman
OutlineFileName:\segoepr.ttf
DataFormat:sfntData
hasSVG:no
VariableFontType:NonVariableFont
FileLength:168404
FileModTime:1564394892
NameArray:0,Mac,4,Segoe Print
NameArray:0,Win,1,Segoe Print
%EndFont

%BeginFont
Handler:DirectoryHandler
FontType:TrueType
FontName:SegoeUI-Bold
FamilyName:Segoe UI
StyleName:Bold
MenuName:Segoe UI
StyleBits:2
WeightClass:700
WidthClass:5
AngleClass:0
FullName:Segoe UI Bold
WritingScript:Roman
OutlineFileName:\segoeuib.ttf
DataFormat:sfntData
hasSVG:no
VariableFontType:NonVariableFont
FileLength:914092
FileModTime:1564394894
NameArray:0,Win,1,Segoe UI
%EndFont

