%!Adobe-FontList 1.19
%Locale:0x409

%BeginFont
Handler:DirectoryHandler
FontType:Type1
FontName:Rustico-Regular
FamilyName:Rustico
StyleName:Regular
MenuName:Rustico
StyleBits:0
WeightClass:400
WidthClass:5
AngleClass:0
FullName:Rustico Regular
WritingScript:Roman
OutlineFileName:\Rustico-Regular.otf
DataFormat:sfntData
UsesStandardEncoding:yes
isCFF:yes
hasSVG:no
VariableFontType:NonVariableFont
FileLength:149984
FileModTime:1504488327
NameArray:0,Mac,4,Rustico Regular
NameArray:0,Win,1,Rustico
%EndFont

%BeginFont
Handler:DirectoryHandler
FontType:TrueType
FontName:Corbel
FamilyName:Corbel
StyleName:Regular
MenuName:Corbel
StyleBits:0
WeightClass:400
WidthClass:5
AngleClass:0
FullName:Corbel
WritingScript:Roman
OutlineFileName:\CORBEL.TTF
DataFormat:sfntData
hasSVG:no
VariableFontType:NonVariableFont
FileLength:151836
FileModTime:1469014230
NameArray:0,Mac,4,Corbel
NameArray:0,Win,1,Corbel
%EndFont

%BeginFont
Handler:DirectoryHandler
FontType:TrueType
FontName:TimesNewRomanPSMT
FamilyName:Times New Roman
StyleName:Regular
MenuName:Times New Roman
StyleBits:0
WeightClass:400
WidthClass:5
AngleClass:0
FullName:Times New Roman
WritingScript:Roman
OutlineFileName:\Times New Roman.ttf
DataFormat:sfntData
hasSVG:no
VariableFontType:NonVariableFont
FileLength:834452
FileModTime:1534562901
NameArray:0,Mac,4,Times New Roman
NameArray:0,Win,1,Times New Roman
%EndFont

%BeginFont
Handler:DirectoryHandler
FontType:TrueType
FontName:Oswald-RegularItalic
FamilyName:Oswald
StyleName:Regular
MenuName:Oswald
StyleBits:1
WeightClass:400
WidthClass:5
AngleClass:0
FullName:Oswald RegularItalic
WritingScript:Roman
OutlineFileName:\Oswald-RegularItalic.ttf
DataFormat:sfntData
hasSVG:no
VariableFontType:NonVariableFont
FileLength:91104
FileModTime:1564325666
NameArray:0,Mac,4,Oswald RegularItalic
NameArray:0,Win,1,Oswald
%EndFont

%BeginFont
Handler:DirectoryHandler
FontType:TrueType
FontName:Oswald-MediumItalic
FamilyName:Oswald
StyleName:Medium
MenuName:Oswald
StyleBits:1
WeightClass:500
WidthClass:5
AngleClass:0
FullName:Oswald MediumItalic
WritingScript:Roman
OutlineFileName:\Oswald-MediumItalic.ttf
DataFormat:sfntData
hasSVG:no
VariableFontType:NonVariableFont
FileLength:90960
FileModTime:1564325666
NameArray:0,Mac,4,Oswald MediumItalic
NameArray:0,Win,1,Oswald
%EndFont

