%!Adobe-FontList 1.19
%Locale:0x409

%BeginFont
Handler:DirectoryHandler
FontType:TrueType
FontName:SourceSansPro-Regular
FamilyName:Source Sans Pro
StyleName:Regular
MenuName:Source Sans Pro
StyleBits:0
WeightClass:400
WidthClass:5
AngleClass:0
FullName:Source Sans Pro Regular
WritingScript:Roman
OutlineFileName:\SourceSansPro-Regular.ttf
DataFormat:sfntData
hasSVG:no
VariableFontType:NonVariableFont
FileLength:269108
FileModTime:1343692800
DesignSize:100
NameArray:0,Win,1,Source Sans Pro
%EndFont

%BeginFont
Handler:DirectoryHandler
FontType:TrueType
FontName:SourceSansPro-Bold
FamilyName:Source Sans Pro
StyleName:Bold
MenuName:Source Sans Pro
StyleBits:2
WeightClass:700
WidthClass:5
AngleClass:0
FullName:Source Sans Pro Bold
WritingScript:Roman
OutlineFileName:\SourceSansPro-Bold.ttf
DataFormat:sfntData
hasSVG:no
VariableFontType:NonVariableFont
FileLength:267388
FileModTime:1343692800
DesignSize:100
NameArray:0,Win,1,Source Sans Pro
%EndFont

%BeginFont
Handler:DirectoryHandler
FontType:TrueType
FontName:TimesNewRomanPSMT
FamilyName:Times New Roman
StyleName:Regular
MenuName:Times New Roman
StyleBits:0
WeightClass:400
WidthClass:5
AngleClass:0
FullName:Times New Roman
WritingScript:Roman
OutlineFileName:\times.ttf
DataFormat:sfntData
hasSVG:no
VariableFontType:NonVariableFont
FileLength:1195688
FileModTime:1564394880
NameArray:0,Mac,4,Times New Roman
NameArray:0,Win,1,Times New Roman
%EndFont

%BeginFont
Handler:DirectoryHandler
FontType:Type1
FontName:MinionPro-Regular
FamilyName:Minion Pro
StyleName:Regular
MenuName:Minion Pro
StyleBits:0
WeightClass:400
WidthClass:5
AngleClass:0
FullName:Minion Pro
WritingScript:Roman
OutlineFileName:\MinionPro-Regular.otf
DataFormat:sfntData
UsesStandardEncoding:yes
isCFF:yes
hasSVG:no
VariableFontType:NonVariableFont
FileLength:217280
FileModTime:1534806028
DesignSize:110
NameArray:0,Mac,4,Minion Pro
NameArray:0,Win,1,Minion Pro
%EndFont

%BeginFont
Handler:DirectoryHandler
FontType:TrueType
FontName:SegoeUI-Bold
FamilyName:Segoe UI
StyleName:Bold
MenuName:Segoe UI
StyleBits:2
WeightClass:700
WidthClass:5
AngleClass:0
FullName:Segoe UI Bold
WritingScript:Roman
OutlineFileName:\segoeuib.ttf
DataFormat:sfntData
hasSVG:no
VariableFontType:NonVariableFont
FileLength:913540
FileModTime:1555018828
NameArray:0,Mac,4,Segoe UI Bold
NameArray:0,Win,1,Segoe UI
%EndFont

%BeginFont
Handler:DirectoryHandler
FontType:TrueType
FontName:SourceSansPro-SemiBold
FamilyName:Source Sans Pro
StyleName:SemiBold
MenuName:Source Sans Pro SemiBold
StyleBits:0
WeightClass:600
WidthClass:5
AngleClass:0
FullName:Source Sans Pro SemiBold
WritingScript:Roman
OutlineFileName:\SourceSansPro-SemiBold.ttf
DataFormat:sfntData
hasSVG:no
VariableFontType:NonVariableFont
FileLength:268280
FileModTime:1343692800
DesignSize:100
NameArray:0,Win,1,Source Sans Pro SemiBold
NameArray:0,Win,16,Source Sans Pro
%EndFont

%BeginFont
Handler:DirectoryHandler
FontType:TrueType
FontName:SegoeUI
FamilyName:Segoe UI
StyleName:Regular
MenuName:Segoe UI
StyleBits:0
WeightClass:400
WidthClass:5
AngleClass:0
FullName:Segoe UI
WritingScript:Roman
OutlineFileName:\segoeui.ttf
DataFormat:sfntData
hasSVG:no
VariableFontType:NonVariableFont
FileLength:925992
FileModTime:1555018828
NameArray:0,Mac,4,Segoe UI
NameArray:0,Win,1,Segoe UI
%EndFont

